2025-01-30 20:53:08,677 INFO  [org.jboss.modules] (main) JBoss Modules version 2.0.0.Final
2025-01-30 20:53:09,234 INFO  [org.jboss.msc] (main) JBoss MSC version 1.4.13.Final
2025-01-30 20:53:09,242 INFO  [org.jboss.threads] (main) JBoss Threads version 2.4.0.Final
2025-01-30 20:53:09,331 INFO  [org.jboss.as] (MSC service thread 1-2) WFLYSRV0049: WildFly Full 26.0.0.Final (WildFly Core 18.0.0.Final) starting
2025-01-30 20:53:09,332 DEBUG [org.jboss.as.config] (MSC service thread 1-2) Configured system properties:
	awt.toolkit = sun.awt.windows.WToolkit
	file.encoding = UTF-8
	file.encoding.pkg = sun.io
	file.separator = \
	java.awt.graphicsenv = sun.awt.Win32GraphicsEnvironment
	java.awt.headless = true
	java.awt.printerjob = sun.awt.windows.WPrinterJob
	java.class.path = C:\Users\Kolone\Downloads\wildfly-26.0.0.Final\jboss-modules.jar
	java.class.version = 52.0
	java.endorsed.dirs = C:\Program Files\Java\zulu8.82.0.21-ca-jdk8.0.432-win_x64\jre\lib\endorsed
	java.ext.dirs = C:\Program Files\Java\zulu8.82.0.21-ca-jdk8.0.432-win_x64\jre\lib\ext;C:\Windows\Sun\Java\lib\ext
	java.home = C:\Program Files\Java\zulu8.82.0.21-ca-jdk8.0.432-win_x64\jre
	java.io.tmpdir = C:\Users\Kolone\AppData\Local\Temp\
	java.library.path = C:\Program Files\Java\zulu8.82.0.21-ca-jdk8.0.432-win_x64\bin;C:\Windows\Sun\Java\bin;C:\Windows\system32;C:\Windows;native;C:/Users/Kolone/.p2/pool/plugins/org.eclipse.justj.openjdk.hotspot.jre.full.win32.x86_64_23.0.1.v20241024-1700/jre/bin/server;C:/Users/Kolone/.p2/pool/plugins/org.eclipse.justj.openjdk.hotspot.jre.full.win32.x86_64_23.0.1.v20241024-1700/jre/bin;C:\Program Files\Java\zulu8.82.0.21-ca-jdk8.0.432-win_x64\bin;C:\Windows\system32;C:\Windows;C:\Windows\System32\Wbem;C:\Windows\System32\WindowsPowerShell\v1.0\;C:\Windows\System32\OpenSSH\;C:\Program Files\dotnet\;C:\Windows\system32;;.
	java.net.preferIPv4Stack = true
	java.runtime.name = OpenJDK Runtime Environment
	java.runtime.version = 1.8.0_432-b06
	java.specification.maintenance.version = 6
	java.specification.name = Java Platform API Specification
	java.specification.vendor = Oracle Corporation
	java.specification.version = 1.8
	java.util.logging.manager = org.jboss.logmanager.LogManager
	java.vendor = Azul Systems, Inc.
	java.vendor.url = http://www.azul.com/
	java.vendor.url.bug = http://www.azul.com/support/
	java.version = 1.8.0_432
	java.vm.info = mixed mode
	java.vm.name = OpenJDK 64-Bit Server VM
	java.vm.specification.name = Java Virtual Machine Specification
	java.vm.specification.vendor = Oracle Corporation
	java.vm.specification.version = 1.8
	java.vm.vendor = Azul Systems, Inc.
	java.vm.version = 25.432-b06
	javax.management.builder.initial = org.jboss.as.jmx.PluggableMBeanServerBuilder
	jboss.bind.address = localhost
	jboss.bind.address.management = localhost
	jboss.home.dir = C:\Users\Kolone\Downloads\wildfly-26.0.0.Final
	jboss.host.name = desktop-5h816i7
	jboss.modules.dir = C:\Users\Kolone\Downloads\wildfly-26.0.0.Final\modules
	jboss.modules.system.pkgs = org.jboss.byteman
	jboss.node.name = desktop-5h816i7
	jboss.qualified.host.name = desktop-5h816i7
	jboss.server.base.dir = C:\Users\Kolone\Downloads\wildfly-26.0.0.Final\standalone
	jboss.server.config.dir = C:\Users\Kolone\Downloads\wildfly-26.0.0.Final\standalone\configuration
	jboss.server.data.dir = C:\Users\Kolone\Downloads\wildfly-26.0.0.Final\standalone\data
	jboss.server.deploy.dir = C:\Users\Kolone\Downloads\wildfly-26.0.0.Final\standalone\data\content
	jboss.server.log.dir = C:\Users\Kolone\Downloads\wildfly-26.0.0.Final\standalone\log
	jboss.server.name = desktop-5h816i7
	jboss.server.persist.config = true
	jboss.server.temp.dir = C:\Users\Kolone\Downloads\wildfly-26.0.0.Final\standalone\tmp
	jdk.vendor.version = Zulu 8.82.0.21-CA-win64
	line.separator = 

	logging.configuration = file:C:\Users\Kolone\Downloads\wildfly-26.0.0.Final\standalone\configuration\logging.properties
	module.path = C:\Users\Kolone\Downloads\wildfly-26.0.0.Final\modules
	org.jboss.boot.log.file = C:\Users\Kolone\Downloads\wildfly-26.0.0.Final\standalone\log\boot.log
	org.jboss.logmanager.nocolor = true
	org.jboss.resolver.warning = true
	os.arch = amd64
	os.name = Windows 10
	os.version = 10.0
	path.separator = ;
	program.name = JBossTools: WildFly 24+
	stderr.encoding = UTF-8
	stdout.encoding = UTF-8
	sun.arch.data.model = 64
	sun.boot.class.path = C:\Program Files\Java\zulu8.82.0.21-ca-jdk8.0.432-win_x64\jre\lib\resources.jar;C:\Program Files\Java\zulu8.82.0.21-ca-jdk8.0.432-win_x64\jre\lib\rt.jar;C:\Program Files\Java\zulu8.82.0.21-ca-jdk8.0.432-win_x64\jre\lib\sunrsasign.jar;C:\Program Files\Java\zulu8.82.0.21-ca-jdk8.0.432-win_x64\jre\lib\jsse.jar;C:\Program Files\Java\zulu8.82.0.21-ca-jdk8.0.432-win_x64\jre\lib\jce.jar;C:\Program Files\Java\zulu8.82.0.21-ca-jdk8.0.432-win_x64\jre\lib\charsets.jar;C:\Program Files\Java\zulu8.82.0.21-ca-jdk8.0.432-win_x64\jre\lib\jfr.jar;C:\Program Files\Java\zulu8.82.0.21-ca-jdk8.0.432-win_x64\jre\lib\cat.jar;C:\Program Files\Java\zulu8.82.0.21-ca-jdk8.0.432-win_x64\jre\classes
	sun.boot.library.path = C:\Program Files\Java\zulu8.82.0.21-ca-jdk8.0.432-win_x64\jre\bin
	sun.cpu.endian = little
	sun.cpu.isalist = amd64
	sun.desktop = windows
	sun.io.unicode.encoding = UnicodeLittle
	sun.java.command = org.jboss.modules.Main -mp C:\Users\Kolone\Downloads\wildfly-26.0.0.Final\modules org.jboss.as.standalone -b localhost --server-config=standalone.xml -Djboss.server.base.dir=C:\Users\Kolone\Downloads\wildfly-26.0.0.Final\standalone
	sun.java.launcher = SUN_STANDARD
	sun.jnu.encoding = Cp1252
	sun.management.compiler = HotSpot 64-Bit Tiered Compilers
	sun.os.patch.level = 
	sun.rmi.dgc.client.gcInterval = 3600000
	sun.rmi.dgc.server.gcInterval = 3600000
	user.country = BR
	user.dir = C:\Users\Kolone\Downloads\wildfly-26.0.0.Final\bin
	user.home = C:\Users\Kolone
	user.language = pt
	user.name = Kolone
	user.script = 
	user.timezone = America/Sao_Paulo
	user.variant = 
2025-01-30 20:53:09,333 DEBUG [org.jboss.as.config] (MSC service thread 1-2) VM Arguments: -Dprogram.name=JBossTools: WildFly 24+ -Xms64m -Xmx512m -Dorg.jboss.resolver.warning=true -Djava.net.preferIPv4Stack=true -Dsun.rmi.dgc.client.gcInterval=3600000 -Dsun.rmi.dgc.server.gcInterval=3600000 -Djboss.modules.system.pkgs=org.jboss.byteman -Djava.awt.headless=true -Dorg.jboss.boot.log.file=C:\Users\Kolone\Downloads\wildfly-26.0.0.Final\standalone\log\boot.log -Dlogging.configuration=file:C:\Users\Kolone\Downloads\wildfly-26.0.0.Final\standalone\configuration\logging.properties -Djboss.home.dir=C:\Users\Kolone\Downloads\wildfly-26.0.0.Final -Dorg.jboss.logmanager.nocolor=true -Djboss.bind.address.management=localhost -Dfile.encoding=UTF-8 -Dstdout.encoding=UTF-8 -Dstderr.encoding=UTF-8 
2025-01-30 20:53:09,956 INFO  [org.wildfly.security] (ServerService Thread Pool -- 27) ELY00001: WildFly Elytron version 1.18.1.Final
2025-01-30 20:53:10,373 INFO  [org.jboss.as.server.deployment.scanner] (DeploymentScanner-threads - 1) WFLYDS0004: Found AppTodoOf.war in deployment directory. To trigger deployment create a file called AppTodoOf.war.dodeploy
2025-01-30 20:53:10,410 INFO  [org.jboss.as.server] (Controller Boot Thread) WFLYSRV0039: Creating http management service using socket-binding (management-http)
2025-01-30 20:53:10,426 INFO  [org.xnio] (MSC service thread 1-7) XNIO version 3.8.5.Final
2025-01-30 20:53:10,433 INFO  [org.xnio.nio] (MSC service thread 1-7) XNIO NIO Implementation Version 3.8.5.Final
2025-01-30 20:53:10,460 INFO  [org.wildfly.extension.health] (ServerService Thread Pool -- 53) WFLYHEALTH0001: Activating Base Health Subsystem
2025-01-30 20:53:10,475 INFO  [org.jboss.as.jaxrs] (ServerService Thread Pool -- 56) WFLYRS0016: RESTEasy version 4.7.4.Final
2025-01-30 20:53:10,476 WARN  [org.jboss.as.txn] (ServerService Thread Pool -- 74) WFLYTX0013: The node-identifier attribute on the /subsystem=transactions is set to the default value. This is a danger for environments running multiple servers. Please make sure the attribute value is unique.
2025-01-30 20:53:10,477 INFO  [org.wildfly.extension.microprofile.config.smallrye] (ServerService Thread Pool -- 64) WFLYCONF0001: Activating MicroProfile Config Subsystem
2025-01-30 20:53:10,480 INFO  [org.jboss.as.clustering.infinispan] (ServerService Thread Pool -- 54) WFLYCLINF0001: Activating Infinispan subsystem.
2025-01-30 20:53:10,484 INFO  [org.jboss.as.webservices] (ServerService Thread Pool -- 76) WFLYWS0002: Activating WebServices Extension
2025-01-30 20:53:10,486 INFO  [org.wildfly.extension.microprofile.opentracing] (ServerService Thread Pool -- 66) WFLYTRACEXT0001: Activating MicroProfile OpenTracing Subsystem
2025-01-30 20:53:10,487 INFO  [org.wildfly.extension.microprofile.jwt.smallrye] (ServerService Thread Pool -- 65) WFLYJWT0001: Activating MicroProfile JWT Subsystem
2025-01-30 20:53:10,489 INFO  [org.jboss.as.jsf] (ServerService Thread Pool -- 61) WFLYJSF0007: Activated the following Jakarta Server Faces Implementations: [main]
2025-01-30 20:53:10,491 INFO  [org.jboss.as.naming] (ServerService Thread Pool -- 67) WFLYNAM0001: Activating Naming Subsystem
2025-01-30 20:53:10,493 INFO  [org.wildfly.extension.elytron.oidc._private] (ServerService Thread Pool -- 52) WFLYOIDC0001: Activating WildFly Elytron OIDC Subsystem
2025-01-30 20:53:10,514 INFO  [org.wildfly.extension.io] (ServerService Thread Pool -- 55) WFLYIO001: Worker 'default' has auto-configured to 16 IO threads with 128 max task threads based on your 8 available processors
2025-01-30 20:53:10,553 INFO  [org.wildfly.extension.undertow] (MSC service thread 1-4) WFLYUT0003: Undertow 2.2.14.Final starting
2025-01-30 20:53:10,568 INFO  [org.jboss.as.connector] (MSC service thread 1-6) WFLYJCA0009: Starting Jakarta Connectors Subsystem (WildFly/IronJacamar 1.5.3.Final)
2025-01-30 20:53:10,572 INFO  [org.jboss.as.connector.subsystems.datasources] (ServerService Thread Pool -- 44) WFLYJCA0004: Deploying JDBC-compliant driver class org.h2.Driver (version 1.4)
2025-01-30 20:53:10,580 INFO  [org.wildfly.extension.metrics] (ServerService Thread Pool -- 63) WFLYMETRICS0001: Activating Base Metrics Subsystem
2025-01-30 20:53:10,607 INFO  [org.jboss.as.connector.deployers.jdbc] (MSC service thread 1-1) WFLYJCA0018: Started Driver service with driver-name = h2
2025-01-30 20:53:10,620 INFO  [org.jboss.as.naming] (MSC service thread 1-6) WFLYNAM0003: Starting Naming Service
2025-01-30 20:53:10,621 INFO  [org.jboss.as.mail.extension] (MSC service thread 1-6) WFLYMAIL0001: Bound mail session [java:jboss/mail/Default]
2025-01-30 20:53:10,649 INFO  [org.jboss.remoting] (MSC service thread 1-1) JBoss Remoting version 5.0.23.Final
2025-01-30 20:53:10,699 WARN  [org.wildfly.extension.elytron] (MSC service thread 1-1) WFLYELY00023: KeyStore file 'C:\Users\Kolone\Downloads\wildfly-26.0.0.Final\standalone\configuration\application.keystore' does not exist. Used blank.
2025-01-30 20:53:10,702 INFO  [org.wildfly.extension.undertow] (ServerService Thread Pool -- 75) WFLYUT0014: Creating file handler for path 'C:\Users\Kolone\Downloads\wildfly-26.0.0.Final/welcome-content' with options [directory-listing: 'false', follow-symlink: 'false', case-sensitive: 'true', safe-symlink-paths: '[]']
2025-01-30 20:53:10,721 WARN  [org.wildfly.extension.elytron] (MSC service thread 1-3) WFLYELY01084: KeyStore C:\Users\Kolone\Downloads\wildfly-26.0.0.Final\standalone\configuration\application.keystore not found, it will be auto generated on first use with a self-signed certificate for host localhost
2025-01-30 20:53:10,722 INFO  [org.jboss.as.ejb3] (MSC service thread 1-6) WFLYEJB0482: Strict pool mdb-strict-max-pool is using a max instance size of 32 (per class), which is derived from the number of CPUs on this host.
2025-01-30 20:53:10,723 INFO  [org.jboss.as.ejb3] (MSC service thread 1-7) WFLYEJB0481: Strict pool slsb-strict-max-pool is using a max instance size of 128 (per class), which is derived from thread worker pool sizing.
2025-01-30 20:53:10,727 INFO  [org.wildfly.extension.undertow] (MSC service thread 1-1) WFLYUT0012: Started server default-server.
2025-01-30 20:53:10,728 INFO  [org.wildfly.extension.undertow] (MSC service thread 1-1) Queuing requests.
2025-01-30 20:53:10,729 INFO  [org.wildfly.extension.undertow] (MSC service thread 1-1) WFLYUT0018: Host default-host starting
2025-01-30 20:53:11,041 INFO  [org.wildfly.extension.undertow] (MSC service thread 1-2) WFLYUT0006: Undertow HTTP listener default listening on 127.0.0.1:8080
2025-01-30 20:53:11,043 INFO  [org.wildfly.extension.undertow] (MSC service thread 1-3) WFLYUT0006: Undertow HTTPS listener https listening on 127.0.0.1:8443
2025-01-30 20:53:11,068 INFO  [org.jboss.as.patching] (MSC service thread 1-4) WFLYPAT0050: WildFly Full cumulative patch ID is: base, one-off patches include: none
